<?xml version="1.0" encoding="UTF-8"?>
<testng-results ignored="0" total="4" passed="4" failed="0" skipped="0">
  <reporter-output>
  </reporter-output>
  <suite started-at="2024-10-10T01:10:06Z" name="Suite" finished-at="2024-10-10T01:10:08Z" duration-ms="2070">
    <groups>
      <group name="cucumber">
        <method signature="AbstractTestNGCucumberTests.runScenario(io.cucumber.testng.PickleWrapper, io.cucumber.testng.FeatureWrapper)[pri:0, instance:com.runner.LoginRunner@67304a40]" name="runScenario" class="io.cucumber.testng.AbstractTestNGCucumberTests"/>
      </group> <!-- cucumber -->
    </groups>
    <test started-at="2024-10-10T01:10:06Z" name="Test" finished-at="2024-10-10T01:10:08Z" duration-ms="2070">
      <class name="com.runner.LoginRunner">
        <test-method is-config="true" signature="setup()[pri:0, instance:com.runner.LoginRunner@67304a40]" started-at="2024-10-10T01:10:06Z" name="setup" finished-at="2024-10-10T01:10:06Z" duration-ms="13" status="PASS">
          <reporter-output>
          </reporter-output>
        </test-method> <!-- setup -->
        <test-method is-config="true" signature="setUpClass()[pri:0, instance:com.runner.LoginRunner@67304a40]" started-at="2024-10-10T01:10:06Z" name="setUpClass" finished-at="2024-10-10T01:10:06Z" duration-ms="477" status="PASS">
          <reporter-output>
          </reporter-output>
        </test-method> <!-- setUpClass -->
        <test-method signature="runScenario(io.cucumber.testng.PickleWrapper, io.cucumber.testng.FeatureWrapper)[pri:0, instance:com.runner.LoginRunner@67304a40]" started-at="2024-10-10T01:10:06Z" name="runScenario" description="Runs Cucumber Scenarios" data-provider="scenarios" finished-at="2024-10-10T01:10:06Z" duration-ms="129" status="PASS">
          <params>
            <param index="0">
              <value>
                <![CDATA["As a user, I want to login to Automation Exercise with valid credentials,"]]>
              </value>
            </param>
            <param index="1">
              <value>
                <![CDATA["Optional[Automation Exercise login testing]"]]>
              </value>
            </param>
          </params>
          <reporter-output>
          </reporter-output>
        </test-method> <!-- runScenario -->
        <test-method signature="runScenario(io.cucumber.testng.PickleWrapper, io.cucumber.testng.FeatureWrapper)[pri:0, instance:com.runner.LoginRunner@67304a40]" started-at="2024-10-10T01:10:06Z" name="runScenario" description="Runs Cucumber Scenarios" data-provider="scenarios" finished-at="2024-10-10T01:10:06Z" duration-ms="22" status="PASS">
          <params>
            <param index="0">
              <value>
                <![CDATA["As a  user, I want to login to Automation Exercise with multiple valid credentials"]]>
              </value>
            </param>
            <param index="1">
              <value>
                <![CDATA["Optional[Automation Exercise login testing]"]]>
              </value>
            </param>
          </params>
          <reporter-output>
          </reporter-output>
        </test-method> <!-- runScenario -->
        <test-method signature="runScenario(io.cucumber.testng.PickleWrapper, io.cucumber.testng.FeatureWrapper)[pri:0, instance:com.runner.LoginRunner@67304a40]" started-at="2024-10-10T01:10:06Z" name="runScenario" description="Runs Cucumber Scenarios" data-provider="scenarios" finished-at="2024-10-10T01:10:06Z" duration-ms="10" status="PASS">
          <params>
            <param index="0">
              <value>
                <![CDATA["As a  user, I want to login to Automation Exercise with multiple valid credentials"]]>
              </value>
            </param>
            <param index="1">
              <value>
                <![CDATA["Optional[Automation Exercise login testing]"]]>
              </value>
            </param>
          </params>
          <reporter-output>
          </reporter-output>
        </test-method> <!-- runScenario -->
        <test-method signature="runScenario(io.cucumber.testng.PickleWrapper, io.cucumber.testng.FeatureWrapper)[pri:0, instance:com.runner.LoginRunner@67304a40]" started-at="2024-10-10T01:10:06Z" name="runScenario" description="Runs Cucumber Scenarios" data-provider="scenarios" finished-at="2024-10-10T01:10:06Z" duration-ms="16" status="PASS">
          <params>
            <param index="0">
              <value>
                <![CDATA["As a logged-in user, I want to logout successfully, so that my information is not"]]>
              </value>
            </param>
            <param index="1">
              <value>
                <![CDATA["Optional[Automation Exercise logout testing]"]]>
              </value>
            </param>
          </params>
          <reporter-output>
          </reporter-output>
        </test-method> <!-- runScenario -->
        <test-method is-config="true" signature="tearDownClass()[pri:0, instance:com.runner.LoginRunner@67304a40]" started-at="2024-10-10T01:10:06Z" name="tearDownClass" finished-at="2024-10-10T01:10:08Z" duration-ms="1386" status="PASS">
          <reporter-output>
          </reporter-output>
        </test-method> <!-- tearDownClass -->
        <test-method is-config="true" signature="tearDown()[pri:0, instance:com.runner.LoginRunner@67304a40]" started-at="2024-10-10T01:10:08Z" name="tearDown" finished-at="2024-10-10T01:10:08Z" duration-ms="0" status="PASS">
          <reporter-output>
          </reporter-output>
        </test-method> <!-- tearDown -->
      </class> <!-- com.runner.LoginRunner -->
    </test> <!-- Test -->
  </suite> <!-- Suite -->
</testng-results>
